<?xml version="1.0" encoding="UTF-8"?>
<testng-results ignored="0" total="11" passed="11" failed="0" skipped="0">
  <reporter-output>
  </reporter-output>
  <suite started-at="2025-12-05T21:00:46 IST" name="PetSuite" finished-at="2025-12-05T21:00:54 IST" duration-ms="8548">
    <groups>
    </groups>
    <test started-at="2025-12-05T21:00:46 IST" name="PetTests" finished-at="2025-12-05T21:00:54 IST" duration-ms="8548">
      <class name="api.test.ResponseTimeLoadTest">
        <test-method is-config="true" signature="setup()[pri:0, instance:api.test.ResponseTimeLoadTest@5656be13]" started-at="2025-12-05T21:00:46 IST" name="setup" finished-at="2025-12-05T21:00:47 IST" duration-ms="760" status="PASS">
          <reporter-output>
          </reporter-output>
        </test-method> <!-- setup -->
        <test-method signature="testPostUser()[pri:1, instance:api.test.ResponseTimeLoadTest@5656be13]" started-at="2025-12-05T21:00:47 IST" name="testPostUser" finished-at="2025-12-05T21:00:50 IST" duration-ms="3220" status="PASS">
          <reporter-output>
          </reporter-output>
        </test-method> <!-- testPostUser -->
        <test-method signature="testPostUserPerformanceMultiple()[pri:2, instance:api.test.ResponseTimeLoadTest@5656be13]" started-at="2025-12-05T21:00:50 IST" name="testPostUserPerformanceMultiple" finished-at="2025-12-05T21:00:51 IST" duration-ms="1090" status="PASS">
          <reporter-output>
          </reporter-output>
        </test-method> <!-- testPostUserPerformanceMultiple -->
        <test-method signature="testPostUserPerformanceMultiple()[pri:2, instance:api.test.ResponseTimeLoadTest@5656be13]" started-at="2025-12-05T21:00:50 IST" name="testPostUserPerformanceMultiple" finished-at="2025-12-05T21:00:51 IST" duration-ms="1088" status="PASS">
          <reporter-output>
          </reporter-output>
        </test-method> <!-- testPostUserPerformanceMultiple -->
        <test-method signature="testPostUserPerformanceMultiple()[pri:2, instance:api.test.ResponseTimeLoadTest@5656be13]" started-at="2025-12-05T21:00:50 IST" name="testPostUserPerformanceMultiple" finished-at="2025-12-05T21:00:51 IST" duration-ms="1090" status="PASS">
          <reporter-output>
          </reporter-output>
        </test-method> <!-- testPostUserPerformanceMultiple -->
        <test-method signature="testPostUserPerformanceMultiple()[pri:2, instance:api.test.ResponseTimeLoadTest@5656be13]" started-at="2025-12-05T21:00:51 IST" name="testPostUserPerformanceMultiple" finished-at="2025-12-05T21:00:52 IST" duration-ms="1053" status="PASS">
          <reporter-output>
          </reporter-output>
        </test-method> <!-- testPostUserPerformanceMultiple -->
        <test-method signature="testPostUserPerformanceMultiple()[pri:2, instance:api.test.ResponseTimeLoadTest@5656be13]" started-at="2025-12-05T21:00:51 IST" name="testPostUserPerformanceMultiple" finished-at="2025-12-05T21:00:52 IST" duration-ms="1065" status="PASS">
          <reporter-output>
          </reporter-output>
        </test-method> <!-- testPostUserPerformanceMultiple -->
        <test-method signature="testPostUserPerformanceMultiple()[pri:2, instance:api.test.ResponseTimeLoadTest@5656be13]" started-at="2025-12-05T21:00:51 IST" name="testPostUserPerformanceMultiple" finished-at="2025-12-05T21:00:52 IST" duration-ms="1076" status="PASS">
          <reporter-output>
          </reporter-output>
        </test-method> <!-- testPostUserPerformanceMultiple -->
        <test-method signature="testPostUserPerformanceMultiple()[pri:2, instance:api.test.ResponseTimeLoadTest@5656be13]" started-at="2025-12-05T21:00:52 IST" name="testPostUserPerformanceMultiple" finished-at="2025-12-05T21:00:53 IST" duration-ms="1055" status="PASS">
          <reporter-output>
          </reporter-output>
        </test-method> <!-- testPostUserPerformanceMultiple -->
        <test-method signature="testPostUserPerformanceMultiple()[pri:2, instance:api.test.ResponseTimeLoadTest@5656be13]" started-at="2025-12-05T21:00:52 IST" name="testPostUserPerformanceMultiple" finished-at="2025-12-05T21:00:53 IST" duration-ms="1040" status="PASS">
          <reporter-output>
          </reporter-output>
        </test-method> <!-- testPostUserPerformanceMultiple -->
        <test-method signature="testPostUserPerformanceMultiple()[pri:2, instance:api.test.ResponseTimeLoadTest@5656be13]" started-at="2025-12-05T21:00:52 IST" name="testPostUserPerformanceMultiple" finished-at="2025-12-05T21:00:53 IST" duration-ms="1037" status="PASS">
          <reporter-output>
          </reporter-output>
        </test-method> <!-- testPostUserPerformanceMultiple -->
        <test-method signature="testPostUserPerformanceMultiple()[pri:2, instance:api.test.ResponseTimeLoadTest@5656be13]" started-at="2025-12-05T21:00:53 IST" name="testPostUserPerformanceMultiple" finished-at="2025-12-05T21:00:54 IST" duration-ms="1049" status="PASS">
          <reporter-output>
          </reporter-output>
        </test-method> <!-- testPostUserPerformanceMultiple -->
      </class> <!-- api.test.ResponseTimeLoadTest -->
    </test> <!-- PetTests -->
  </suite> <!-- PetSuite -->
</testng-results>
