<?xml version="1.0" encoding="UTF-8"?>
<!-- Generated by org.testng.reporters.JUnitReportReporter -->
<testsuite hostname="DESKTOP-1FSL10N" failures="0" tests="11" name="api.test.ResponseTimeLoadTest" time="13.863" errors="0" timestamp="2025-12-05T21:00:55 IST" skipped="0">
  <testcase classname="api.test.ResponseTimeLoadTest" name="testPostUser" time="3.220"/>
  <system-out/>
  <testcase classname="api.test.ResponseTimeLoadTest" name="testPostUserPerformanceMultiple" time="1.053"/>
  <system-out/>
  <testcase classname="api.test.ResponseTimeLoadTest" name="testPostUserPerformanceMultiple" time="1.040"/>
  <system-out/>
  <testcase classname="api.test.ResponseTimeLoadTest" name="testPostUserPerformanceMultiple" time="1.090"/>
  <system-out/>
  <testcase classname="api.test.ResponseTimeLoadTest" name="testPostUserPerformanceMultiple" time="1.049"/>
  <system-out/>
  <testcase classname="api.test.ResponseTimeLoadTest" name="testPostUserPerformanceMultiple" time="1.088"/>
  <system-out/>
  <testcase classname="api.test.ResponseTimeLoadTest" name="testPostUserPerformanceMultiple" time="1.090"/>
  <system-out/>
  <testcase classname="api.test.ResponseTimeLoadTest" name="testPostUserPerformanceMultiple" time="1.055"/>
  <system-out/>
  <testcase classname="api.test.ResponseTimeLoadTest" name="testPostUserPerformanceMultiple" time="1.037"/>
  <system-out/>
  <testcase classname="api.test.ResponseTimeLoadTest" name="testPostUserPerformanceMultiple" time="1.065"/>
  <system-out/>
  <testcase classname="api.test.ResponseTimeLoadTest" name="testPostUserPerformanceMultiple" time="1.076"/>
  <system-out/>
</testsuite> <!-- api.test.ResponseTimeLoadTest -->
