<?xml version="1.0" encoding="UTF-8"?>
<!-- Generated by org.testng.reporters.JUnitReportReporter -->
<testsuite hostname="DESKTOP-1FSL10N" failures="0" tests="11" name="api.test.ResponseTimeLoadTest" time="14.620" errors="0" timestamp="2025-12-05T20:59:26 IST" skipped="0">
  <testcase classname="api.test.ResponseTimeLoadTest" name="testPostUser" time="3.248"/>
  <system-out/>
  <testcase classname="api.test.ResponseTimeLoadTest" name="testPostUserPerformanceMultiple" time="1.345"/>
  <system-out/>
  <testcase classname="api.test.ResponseTimeLoadTest" name="testPostUserPerformanceMultiple" time="1.040"/>
  <system-out/>
  <testcase classname="api.test.ResponseTimeLoadTest" name="testPostUserPerformanceMultiple" time="1.031"/>
  <system-out/>
  <testcase classname="api.test.ResponseTimeLoadTest" name="testPostUserPerformanceMultiple" time="1.050"/>
  <system-out/>
  <testcase classname="api.test.ResponseTimeLoadTest" name="testPostUserPerformanceMultiple" time="1.345"/>
  <system-out/>
  <testcase classname="api.test.ResponseTimeLoadTest" name="testPostUserPerformanceMultiple" time="1.064"/>
  <system-out/>
  <testcase classname="api.test.ResponseTimeLoadTest" name="testPostUserPerformanceMultiple" time="1.053"/>
  <system-out/>
  <testcase classname="api.test.ResponseTimeLoadTest" name="testPostUserPerformanceMultiple" time="1.344"/>
  <system-out/>
  <testcase classname="api.test.ResponseTimeLoadTest" name="testPostUserPerformanceMultiple" time="1.043"/>
  <system-out/>
  <testcase classname="api.test.ResponseTimeLoadTest" name="testPostUserPerformanceMultiple" time="1.057"/>
  <system-out/>
</testsuite> <!-- api.test.ResponseTimeLoadTest -->
