<?xml version="1.0" encoding="UTF-8"?>
<!-- Generated by org.testng.reporters.JUnitReportReporter -->
<testsuite hostname="DESKTOP-1FSL10N" failures="0" tests="2" name="api.test.UserNegativeTests" time="5.698" errors="0" timestamp="2025-10-16T21:12:43 IST" skipped="0">
  <testcase classname="api.test.UserNegativeTests" name="testPostUserNegative" time="4.171"/>
  <system-out/>
  <testcase classname="api.test.UserNegativeTests" name="testUser_NumericUserName" time="1.527"/>
  <system-out/>
</testsuite> <!-- api.test.UserNegativeTests -->
