<?xml version="1.0" encoding="UTF-8"?>
<!-- Generated by org.testng.reporters.JUnitReportReporter -->
<testsuite hostname="DESKTOP-1FSL10N" failures="0" tests="2" name="api.test.CreateUserWithArrayDataTest" time="18.406" errors="0" timestamp="2025-12-05T20:41:52 IST" skipped="0">
  <testcase classname="api.test.CreateUserWithArrayDataTest" name="testPostUserWithArray" time="3.664"/>
  <system-out/>
  <testcase classname="api.test.CreateUserWithArrayDataTest" name="testGetUserByName" time="14.742"/>
  <system-out/>
</testsuite> <!-- api.test.CreateUserWithArrayDataTest -->
