<?xml version="1.0" encoding="UTF-8"?>
<!-- Generated by org.testng.reporters.JUnitReportReporter -->
<testsuite hostname="DESKTOP-1FSL10N" failures="0" tests="2" name="api.test.OAuthAuthenticationTest" time="14.047" errors="0" timestamp="2025-11-08T18:18:07 IST" skipped="0">
  <testcase classname="api.test.OAuthAuthenticationTest" name="getAccessToken" time="0.017"/>
  <system-out/>
  <testcase classname="api.test.OAuthAuthenticationTest" name="accessProtectedAPIWithToken" time="14.030"/>
  <system-out/>
</testsuite> <!-- api.test.OAuthAuthenticationTest -->
