<?xml version="1.0" encoding="UTF-8"?>
<!-- Generated by org.testng.reporters.JUnitReportReporter -->
<testsuite hostname="DESKTOP-1FSL10N" failures="0" tests="2" name="api.test.UserDataProviderTest" time="3.881" errors="0" timestamp="2025-09-26T21:00:06 IST" skipped="0">
  <testcase classname="api.test.UserDataProviderTest" name="testPostUser" time="1.373"/>
  <system-out/>
  <testcase classname="api.test.UserDataProviderTest" name="testPostUser" time="2.508"/>
  <system-out/>
</testsuite> <!-- api.test.UserDataProviderTest -->
