<?xml version="1.0" encoding="UTF-8"?>
<!-- Generated by org.testng.reporters.JUnitReportReporter -->
<testsuite hostname="DESKTOP-1FSL10N" failures="0" tests="3" name="api.test.UserNegativeBodyTest" time="7.214" errors="0" timestamp="2025-10-22T21:03:56 IST" skipped="0">
  <testcase classname="api.test.UserNegativeBodyTest" name="testCreateUser_MissingContentType" time="1.419"/>
  <system-out/>
  <testcase classname="api.test.UserNegativeBodyTest" name="testCreateUser_InvalidAuthorization" time="4.466"/>
  <system-out/>
  <testcase classname="api.test.UserNegativeBodyTest" name="testCreateUser_MissingAcceptHeader" time="1.329"/>
  <system-out/>
</testsuite> <!-- api.test.UserNegativeBodyTest -->
