<?xml version="1.0" encoding="UTF-8"?>
<!-- Generated by org.testng.reporters.JUnitReportReporter -->
<testsuite hostname="DESKTOP-1FSL10N" failures="0" tests="2" name="api.test.JWTAuthTest" time="2.920" errors="0" timestamp="2025-11-08T17:38:16 IST" skipped="0">
  <testcase classname="api.test.JWTAuthTest" name="loginAndGenerateToken" time="2.479"/>
  <system-out/>
  <testcase classname="api.test.JWTAuthTest" name="getUserProfileWithJWT" time="0.441"/>
  <system-out/>
</testsuite> <!-- api.test.JWTAuthTest -->
