<?xml version="1.0" encoding="UTF-8"?>
<!-- Generated by org.testng.reporters.JUnitReportReporter -->
<testsuite hostname="DESKTOP-1FSL10N" failures="0" tests="5" name="api.test.ComplexChainingTest" time="9.553" errors="0" timestamp="2025-12-05T20:25:33 IST" skipped="0">
  <testcase classname="api.test.ComplexChainingTest" name="createUser" time="3.345"/>
  <system-out/>
  <testcase classname="api.test.ComplexChainingTest" name="loginUser" time="1.100"/>
  <system-out/>
  <testcase classname="api.test.ComplexChainingTest" name="createOrder" time="1.985"/>
  <system-out/>
  <testcase classname="api.test.ComplexChainingTest" name="getOrderDeatils" time="1.558"/>
  <system-out/>
  <testcase classname="api.test.ComplexChainingTest" name="logoutUser" time="1.565"/>
  <system-out/>
</testsuite> <!-- api.test.ComplexChainingTest -->
