<?xml version="1.0" encoding="UTF-8"?>
<!-- Generated by org.testng.reporters.JUnitReportReporter -->
<testsuite hostname="DESKTOP-1FSL10N" failures="0" tests="4" name="api.test.StoreTests" time="7.375" errors="0" timestamp="2025-09-26T19:39:34 IST" skipped="0">
  <testcase classname="api.test.StoreTests" name="testPostOrder" time="2.996"/>
  <system-out/>
  <testcase classname="api.test.StoreTests" name="testGetOrder" time="1.607"/>
  <system-out/>
  <testcase classname="api.test.StoreTests" name="testDeleteOrder" time="1.445"/>
  <system-out/>
  <testcase classname="api.test.StoreTests" name="testGetAfterDelete" time="1.327"/>
  <system-out/>
</testsuite> <!-- api.test.StoreTests -->
