<?xml version="1.0" encoding="UTF-8"?>
<!-- Generated by org.testng.reporters.JUnitReportReporter -->
<testsuite hostname="DESKTOP-1FSL10N" failures="0" tests="3" name="api.test.UserXlsDDTTest" time="5.393" errors="0" timestamp="2025-10-10T20:29:42 IST" skipped="0">
  <testcase classname="api.test.UserXlsDDTTest" name="testPostuser" time="2.550"/>
  <system-out/>
  <testcase classname="api.test.UserXlsDDTTest" name="testPostuser" time="1.476"/>
  <system-out/>
  <testcase classname="api.test.UserXlsDDTTest" name="testPostuser" time="1.367"/>
  <system-out/>
</testsuite> <!-- api.test.UserXlsDDTTest -->
