<?xml version="1.0" encoding="UTF-8"?>
<!-- Generated by org.testng.reporters.JUnitXMLReporter -->
<testsuite ignored="0" hostname="DESKTOP-1FSL10N" failures="0" tests="11" name="PetTests" time="8.548" errors="0" timestamp="2025-12-05T21:00:55 IST">
  <testcase classname="api.test.ResponseTimeLoadTest" name="testPostUser" time="3.22"/>
  <testcase classname="api.test.ResponseTimeLoadTest" name="testPostUserPerformanceMultiple" time="1.088"/>
  <testcase classname="api.test.ResponseTimeLoadTest" name="testPostUserPerformanceMultiple" time="1.09"/>
  <testcase classname="api.test.ResponseTimeLoadTest" name="testPostUserPerformanceMultiple" time="1.09"/>
  <testcase classname="api.test.ResponseTimeLoadTest" name="testPostUserPerformanceMultiple" time="1.053"/>
  <testcase classname="api.test.ResponseTimeLoadTest" name="testPostUserPerformanceMultiple" time="1.065"/>
  <testcase classname="api.test.ResponseTimeLoadTest" name="testPostUserPerformanceMultiple" time="1.076"/>
  <testcase classname="api.test.ResponseTimeLoadTest" name="testPostUserPerformanceMultiple" time="1.04"/>
  <testcase classname="api.test.ResponseTimeLoadTest" name="testPostUserPerformanceMultiple" time="1.055"/>
  <testcase classname="api.test.ResponseTimeLoadTest" name="testPostUserPerformanceMultiple" time="1.037"/>
  <testcase classname="api.test.ResponseTimeLoadTest" name="testPostUserPerformanceMultiple" time="1.049"/>
</testsuite> <!-- PetTests -->
