<?xml version="1.0" encoding="UTF-8"?>
<!-- Generated by org.testng.reporters.JUnitXMLReporter -->
<testsuite ignored="0" hostname="DESKTOP-1FSL10N" failures="1" tests="4" name="PetTests" time="6.209" errors="0" timestamp="2025-07-18T20:54:13 IST">
  <testcase classname="api.test.StoreTests" name="testPostOrder" time="2.59"/>
  <testcase classname="api.test.StoreTests" name="testGetOrder" time="1.093">
    <failure type="java.lang.AssertionError" message="Failed to retrieve order. expected [200] but found [404]">
      <![CDATA[java.lang.AssertionError: Failed to retrieve order. expected [200] but found [404]
at api.test.StoreTests.testGetOrder(StoreTests.java:148)
at java.base/java.util.ArrayList.forEach(ArrayList.java:1596)
... Removed 30 stack frames]]>
    </failure>
  </testcase> <!-- testGetOrder -->
  <testcase classname="api.test.StoreTests" name="testDeleteOrder" time="1.039"/>
  <testcase classname="api.test.StoreTests" name="testGetAfterDelete" time="1.025"/>
</testsuite> <!-- PetTests -->
